#! /usr/share/iverilog-0.9.7/bin/vvp
:ivl_version "0.9.7 " "(v0_9_6)";
:vpi_time_precision - 11;
:vpi_module "system";
:vpi_module "v2005_math";
:vpi_module "va_math";
S_0x1335f50 .scope module, "controlador_TB" "controlador_TB" 2 3;
 .timescale -9 -11;
v0x1374900_0 .var "clk", 0 0;
v0x1374980_0 .net "m1", 0 0, v0x1373ed0_0; 1 drivers
v0x1374a50_0 .net "m2", 0 0, v0x1373530_0; 1 drivers
v0x1374b20_0 .var "s1", 0 0;
v0x1374ba0_0 .var "s2", 0 0;
v0x1374c70_0 .var "s3", 0 0;
v0x1374d40_0 .var "s4", 0 0;
S_0x1374810 .scope task, "display_outputs" "display_outputs" 2 126, 2 126, S_0x1335f50;
 .timescale -9 -11;
TD_controlador_TB.display_outputs ;
    %vpi_call 2 128 "$display", "s1: %b, s2: %b, s3: %b, s4: %b, Motor 1: %b, Motor 2: %b", v0x1374b20_0, v0x1374ba0_0, v0x1374c70_0, v0x1374d40_0, v0x1374980_0, v0x1374a50_0;
    %end;
S_0x1374720 .scope task, "toggle_clk" "toggle_clk" 2 119, 2 119, S_0x1335f50;
 .timescale -9 -11;
TD_controlador_TB.toggle_clk ;
    %delay 1000, 0;
    %load/v 8, v0x1374900_0, 1;
    %inv 8, 1;
    %set/v v0x1374900_0, 8, 1;
    %delay 1000, 0;
    %load/v 8, v0x1374900_0, 1;
    %inv 8, 1;
    %set/v v0x1374900_0, 8, 1;
    %end;
S_0x1336040 .scope module, "DUT" "controlador_bombas" 2 8, 3 241, S_0x1335f50;
 .timescale 0 0;
v0x13740e0_0 .net "alarme_b1", 0 0, v0x1373b70_0; 1 drivers
v0x13741b0_0 .net "alarme_b2", 0 0, v0x1340880_0; 1 drivers
v0x1374280_0 .net "clk", 0 0, v0x1374900_0; 1 drivers
v0x1374350_0 .alias "m1", 0 0, v0x1374980_0;
v0x13743d0_0 .alias "m2", 0 0, v0x1374a50_0;
v0x1374450_0 .net "s1", 0 0, v0x1374b20_0; 1 drivers
v0x1374520_0 .net "s2", 0 0, v0x1374ba0_0; 1 drivers
v0x13745a0_0 .net "s3", 0 0, v0x1374c70_0; 1 drivers
v0x1374670_0 .net "s4", 0 0, v0x1374d40_0; 1 drivers
S_0x1373840 .scope module, "B1" "bomba_1" 3 246, 3 1, S_0x1336040;
 .timescale 0 0;
P_0x1373938 .param/l "CHEIO" 3 7, C4<10>;
P_0x1373960 .param/l "ENCHENDO" 3 6, C4<01>;
P_0x1373988 .param/l "ESVAZIANDO" 3 8, C4<11>;
P_0x13739b0 .param/l "VAZIO" 3 5, C4<00>;
v0x1373b70_0 .var "alarme", 0 0;
v0x1373c40_0 .alias "alarme_b2", 0 0, v0x13741b0_0;
v0x1373cf0_0 .alias "clk", 0 0, v0x1374280_0;
v0x1373da0_0 .var "estado_atual", 1 0;
v0x1373e50_0 .var "estado_futuro", 1 0;
v0x1373ed0_0 .var "m1", 0 0;
v0x1373f90_0 .alias "s1", 0 0, v0x1374450_0;
v0x1374010_0 .alias "s2", 0 0, v0x1374520_0;
E_0x1373460 .event edge, v0x1340880_0, v0x1374010_0, v0x1373610_0, v0x1373da0_0;
S_0x1340760 .scope module, "B2" "bomba_2" 3 247, 3 121, S_0x1336040;
 .timescale 0 0;
P_0x1336138 .param/l "CHEIO" 3 127, C4<10>;
P_0x1336160 .param/l "ENCHENDO" 3 126, C4<01>;
P_0x1336188 .param/l "ESVAZIANDO" 3 128, C4<11>;
P_0x13361b0 .param/l "VAZIO" 3 125, C4<00>;
v0x1340880_0 .var "alarme", 0 0;
v0x13732a0_0 .alias "alarme_b1", 0 0, v0x13740e0_0;
v0x1373340_0 .alias "clk", 0 0, v0x1374280_0;
v0x13733e0_0 .var "estado_atual", 1 0;
v0x1373490_0 .var "estado_futuro", 1 0;
v0x1373530_0 .var "m2", 0 0;
v0x1373610_0 .alias "s1", 0 0, v0x1374450_0;
v0x13736b0_0 .alias "s3", 0 0, v0x13745a0_0;
v0x13737a0_0 .alias "s4", 0 0, v0x1374670_0;
E_0x1326470/0 .event edge, v0x13732a0_0, v0x13737a0_0, v0x13736b0_0, v0x1373610_0;
E_0x1326470/1 .event edge, v0x13733e0_0;
E_0x1326470 .event/or E_0x1326470/0, E_0x1326470/1;
E_0x1340850 .event posedge, v0x1373340_0;
    .scope S_0x1373840;
T_2 ;
    %wait E_0x1340850;
    %load/v 8, v0x1373f90_0, 1;
    %mov 9, 0, 1;
    %cmpi/u 8, 0, 2;
    %mov 8, 4, 1;
    %load/v 9, v0x1374010_0, 1;
    %mov 10, 0, 1;
    %cmpi/u 9, 0, 2;
    %mov 9, 4, 1;
    %and 8, 9, 1;
    %jmp/0xz  T_2.0, 8;
    %ix/load 0, 2, 0;
    %assign/v0 v0x1373da0_0, 0, 0;
    %jmp T_2.1;
T_2.0 ;
    %load/v 8, v0x1373f90_0, 1;
    %mov 9, 0, 1;
    %cmpi/u 8, 0, 2;
    %mov 8, 4, 1;
    %load/v 9, v0x1374010_0, 1;
    %mov 10, 0, 2;
    %cmpi/u 9, 1, 3;
    %mov 9, 4, 1;
    %and 8, 9, 1;
    %jmp/0xz  T_2.2, 8;
    %ix/load 0, 2, 0;
    %assign/v0 v0x1373da0_0, 0, 1;
    %jmp T_2.3;
T_2.2 ;
    %load/v 8, v0x1373f90_0, 1;
    %mov 9, 0, 2;
    %cmpi/u 8, 1, 3;
    %mov 8, 4, 1;
    %load/v 9, v0x1374010_0, 1;
    %mov 10, 0, 1;
    %cmpi/u 9, 0, 2;
    %mov 9, 4, 1;
    %and 8, 9, 1;
    %jmp/0xz  T_2.4, 8;
    %movi 8, 1, 2;
    %ix/load 0, 2, 0;
    %assign/v0 v0x1373da0_0, 0, 8;
    %jmp T_2.5;
T_2.4 ;
    %load/v 8, v0x1373f90_0, 1;
    %mov 9, 0, 2;
    %cmpi/u 8, 1, 3;
    %mov 8, 4, 1;
    %load/v 9, v0x1374010_0, 1;
    %mov 10, 0, 2;
    %cmpi/u 9, 1, 3;
    %mov 9, 4, 1;
    %and 8, 9, 1;
    %jmp/0xz  T_2.6, 8;
    %movi 8, 2, 2;
    %ix/load 0, 2, 0;
    %assign/v0 v0x1373da0_0, 0, 8;
    %jmp T_2.7;
T_2.6 ;
    %load/v 8, v0x1373e50_0, 2;
    %ix/load 0, 2, 0;
    %assign/v0 v0x1373da0_0, 0, 8;
T_2.7 ;
T_2.5 ;
T_2.3 ;
T_2.1 ;
    %jmp T_2;
    .thread T_2;
    .scope S_0x1373840;
T_3 ;
    %wait E_0x1373460;
    %set/v v0x1373e50_0, 0, 2;
    %set/v v0x1373ed0_0, 0, 1;
    %set/v v0x1373b70_0, 0, 1;
    %load/v 8, v0x1373c40_0, 1;
    %jmp/0xz  T_3.0, 8;
    %ix/load 0, 1, 0;
    %assign/v0 v0x1373ed0_0, 0, 0;
    %jmp T_3.1;
T_3.0 ;
    %load/v 8, v0x1373da0_0, 2;
    %cmpi/u 8, 0, 2;
    %jmp/1 T_3.2, 6;
    %cmpi/u 8, 1, 2;
    %jmp/1 T_3.3, 6;
    %cmpi/u 8, 2, 2;
    %jmp/1 T_3.4, 6;
    %cmpi/u 8, 3, 2;
    %jmp/1 T_3.5, 6;
    %jmp T_3.6;
T_3.2 ;
    %load/v 8, v0x1373f90_0, 1;
    %mov 9, 0, 2;
    %cmpi/u 8, 1, 3;
    %mov 8, 4, 1;
    %load/v 9, v0x1374010_0, 1;
    %mov 10, 0, 1;
    %cmpi/u 9, 0, 2;
    %mov 9, 4, 1;
    %and 8, 9, 1;
    %jmp/0xz  T_3.7, 8;
    %movi 8, 1, 2;
    %ix/load 0, 2, 0;
    %assign/v0 v0x1373e50_0, 0, 8;
    %ix/load 0, 1, 0;
    %assign/v0 v0x1373ed0_0, 0, 1;
    %jmp T_3.8;
T_3.7 ;
    %load/v 8, v0x1373f90_0, 1;
    %mov 9, 0, 1;
    %cmpi/u 8, 0, 2;
    %mov 8, 4, 1;
    %load/v 9, v0x1374010_0, 1;
    %mov 10, 0, 2;
    %cmpi/u 9, 1, 3;
    %mov 9, 4, 1;
    %and 8, 9, 1;
    %load/v 9, v0x1373f90_0, 1;
    %mov 10, 0, 2;
    %cmpi/u 9, 1, 3;
    %mov 9, 4, 1;
    %load/v 10, v0x1374010_0, 1;
    %mov 11, 0, 2;
    %cmpi/u 10, 1, 3;
    %mov 10, 4, 1;
    %and 9, 10, 1;
    %or 8, 9, 1;
    %jmp/0xz  T_3.9, 8;
    %ix/load 0, 2, 0;
    %assign/v0 v0x1373e50_0, 0, 0;
    %ix/load 0, 1, 0;
    %assign/v0 v0x1373ed0_0, 0, 0;
    %ix/load 0, 1, 0;
    %assign/v0 v0x1373b70_0, 0, 1;
    %jmp T_3.10;
T_3.9 ;
    %load/v 8, v0x1373f90_0, 1;
    %mov 9, 0, 1;
    %cmpi/u 8, 0, 2;
    %mov 8, 4, 1;
    %load/v 9, v0x1374010_0, 1;
    %mov 10, 0, 1;
    %cmpi/u 9, 0, 2;
    %mov 9, 4, 1;
    %and 8, 9, 1;
    %jmp/0xz  T_3.11, 8;
    %ix/load 0, 2, 0;
    %assign/v0 v0x1373e50_0, 0, 0;
    %ix/load 0, 1, 0;
    %assign/v0 v0x1373ed0_0, 0, 1;
T_3.11 ;
T_3.10 ;
T_3.8 ;
    %jmp T_3.6;
T_3.3 ;
    %load/v 8, v0x1373f90_0, 1;
    %mov 9, 0, 2;
    %cmpi/u 8, 1, 3;
    %mov 8, 4, 1;
    %load/v 9, v0x1374010_0, 1;
    %mov 10, 0, 2;
    %cmpi/u 9, 1, 3;
    %mov 9, 4, 1;
    %and 8, 9, 1;
    %jmp/0xz  T_3.13, 8;
    %movi 8, 2, 2;
    %ix/load 0, 2, 0;
    %assign/v0 v0x1373e50_0, 0, 8;
    %ix/load 0, 1, 0;
    %assign/v0 v0x1373ed0_0, 0, 0;
    %jmp T_3.14;
T_3.13 ;
    %load/v 8, v0x1373f90_0, 1;
    %mov 9, 0, 1;
    %cmpi/u 8, 0, 2;
    %mov 8, 4, 1;
    %load/v 9, v0x1374010_0, 1;
    %mov 10, 0, 1;
    %cmpi/u 9, 0, 2;
    %mov 9, 4, 1;
    %and 8, 9, 1;
    %load/v 9, v0x1373f90_0, 1;
    %mov 10, 0, 1;
    %cmpi/u 9, 0, 2;
    %mov 9, 4, 1;
    %load/v 10, v0x1374010_0, 1;
    %mov 11, 0, 2;
    %cmpi/u 10, 1, 3;
    %mov 10, 4, 1;
    %and 9, 10, 1;
    %or 8, 9, 1;
    %jmp/0xz  T_3.15, 8;
    %movi 8, 1, 2;
    %ix/load 0, 2, 0;
    %assign/v0 v0x1373e50_0, 0, 8;
    %ix/load 0, 1, 0;
    %assign/v0 v0x1373ed0_0, 0, 0;
    %ix/load 0, 1, 0;
    %assign/v0 v0x1373b70_0, 0, 1;
    %jmp T_3.16;
T_3.15 ;
    %load/v 8, v0x1373f90_0, 1;
    %mov 9, 0, 2;
    %cmpi/u 8, 1, 3;
    %mov 8, 4, 1;
    %load/v 9, v0x1374010_0, 1;
    %mov 10, 0, 1;
    %cmpi/u 9, 0, 2;
    %mov 9, 4, 1;
    %and 8, 9, 1;
    %jmp/0xz  T_3.17, 8;
    %movi 8, 1, 2;
    %ix/load 0, 2, 0;
    %assign/v0 v0x1373e50_0, 0, 8;
    %ix/load 0, 1, 0;
    %assign/v0 v0x1373ed0_0, 0, 1;
T_3.17 ;
T_3.16 ;
T_3.14 ;
    %jmp T_3.6;
T_3.4 ;
    %load/v 8, v0x1373f90_0, 1;
    %mov 9, 0, 2;
    %cmpi/u 8, 1, 3;
    %mov 8, 4, 1;
    %load/v 9, v0x1374010_0, 1;
    %mov 10, 0, 1;
    %cmpi/u 9, 0, 2;
    %mov 9, 4, 1;
    %and 8, 9, 1;
    %jmp/0xz  T_3.19, 8;
    %ix/load 0, 2, 0;
    %assign/v0 v0x1373e50_0, 0, 1;
    %ix/load 0, 1, 0;
    %assign/v0 v0x1373ed0_0, 0, 0;
    %jmp T_3.20;
T_3.19 ;
    %load/v 8, v0x1373f90_0, 1;
    %mov 9, 0, 1;
    %cmpi/u 8, 0, 2;
    %mov 8, 4, 1;
    %load/v 9, v0x1374010_0, 1;
    %mov 10, 0, 1;
    %cmpi/u 9, 0, 2;
    %mov 9, 4, 1;
    %and 8, 9, 1;
    %load/v 9, v0x1373f90_0, 1;
    %mov 10, 0, 1;
    %cmpi/u 9, 0, 2;
    %mov 9, 4, 1;
    %load/v 10, v0x1374010_0, 1;
    %mov 11, 0, 2;
    %cmpi/u 10, 1, 3;
    %mov 10, 4, 1;
    %and 9, 10, 1;
    %or 8, 9, 1;
    %jmp/0xz  T_3.21, 8;
    %movi 8, 2, 2;
    %ix/load 0, 2, 0;
    %assign/v0 v0x1373e50_0, 0, 8;
    %ix/load 0, 1, 0;
    %assign/v0 v0x1373ed0_0, 0, 0;
    %ix/load 0, 1, 0;
    %assign/v0 v0x1373b70_0, 0, 1;
    %jmp T_3.22;
T_3.21 ;
    %load/v 8, v0x1373f90_0, 1;
    %mov 9, 0, 2;
    %cmpi/u 8, 1, 3;
    %mov 8, 4, 1;
    %load/v 9, v0x1374010_0, 1;
    %mov 10, 0, 2;
    %cmpi/u 9, 1, 3;
    %mov 9, 4, 1;
    %and 8, 9, 1;
    %jmp/0xz  T_3.23, 8;
    %movi 8, 2, 2;
    %ix/load 0, 2, 0;
    %assign/v0 v0x1373e50_0, 0, 8;
    %ix/load 0, 1, 0;
    %assign/v0 v0x1373ed0_0, 0, 0;
T_3.23 ;
T_3.22 ;
T_3.20 ;
    %jmp T_3.6;
T_3.5 ;
    %load/v 8, v0x1373f90_0, 1;
    %mov 9, 0, 1;
    %cmpi/u 8, 0, 2;
    %mov 8, 4, 1;
    %load/v 9, v0x1374010_0, 1;
    %mov 10, 0, 1;
    %cmpi/u 9, 0, 2;
    %mov 9, 4, 1;
    %and 8, 9, 1;
    %jmp/0xz  T_3.25, 8;
    %ix/load 0, 2, 0;
    %assign/v0 v0x1373e50_0, 0, 0;
    %ix/load 0, 1, 0;
    %assign/v0 v0x1373ed0_0, 0, 0;
    %jmp T_3.26;
T_3.25 ;
    %load/v 8, v0x1373f90_0, 1;
    %mov 9, 0, 1;
    %cmpi/u 8, 0, 2;
    %mov 8, 4, 1;
    %load/v 9, v0x1374010_0, 1;
    %mov 10, 0, 2;
    %cmpi/u 9, 1, 3;
    %mov 9, 4, 1;
    %and 8, 9, 1;
    %load/v 9, v0x1373f90_0, 1;
    %mov 10, 0, 2;
    %cmpi/u 9, 1, 3;
    %mov 9, 4, 1;
    %load/v 10, v0x1374010_0, 1;
    %mov 11, 0, 2;
    %cmpi/u 10, 1, 3;
    %mov 10, 4, 1;
    %and 9, 10, 1;
    %or 8, 9, 1;
    %jmp/0xz  T_3.27, 8;
    %ix/load 0, 2, 0;
    %assign/v0 v0x1373e50_0, 0, 1;
    %ix/load 0, 1, 0;
    %assign/v0 v0x1373ed0_0, 0, 0;
    %ix/load 0, 1, 0;
    %assign/v0 v0x1373b70_0, 0, 1;
    %jmp T_3.28;
T_3.27 ;
    %load/v 8, v0x1373f90_0, 1;
    %mov 9, 0, 2;
    %cmpi/u 8, 1, 3;
    %mov 8, 4, 1;
    %load/v 9, v0x1374010_0, 1;
    %mov 10, 0, 1;
    %cmpi/u 9, 0, 2;
    %mov 9, 4, 1;
    %and 8, 9, 1;
    %jmp/0xz  T_3.29, 8;
    %ix/load 0, 2, 0;
    %assign/v0 v0x1373e50_0, 0, 1;
    %ix/load 0, 1, 0;
    %assign/v0 v0x1373ed0_0, 0, 0;
T_3.29 ;
T_3.28 ;
T_3.26 ;
    %jmp T_3.6;
T_3.6 ;
T_3.1 ;
    %jmp T_3;
    .thread T_3, $push;
    .scope S_0x1340760;
T_4 ;
    %wait E_0x1340850;
    %load/v 8, v0x13736b0_0, 1;
    %mov 9, 0, 1;
    %cmpi/u 8, 0, 2;
    %mov 8, 4, 1;
    %load/v 9, v0x13737a0_0, 1;
    %mov 10, 0, 1;
    %cmpi/u 9, 0, 2;
    %mov 9, 4, 1;
    %and 8, 9, 1;
    %jmp/0xz  T_4.0, 8;
    %ix/load 0, 2, 0;
    %assign/v0 v0x13733e0_0, 0, 0;
    %jmp T_4.1;
T_4.0 ;
    %load/v 8, v0x13736b0_0, 1;
    %mov 9, 0, 1;
    %cmpi/u 8, 0, 2;
    %mov 8, 4, 1;
    %load/v 9, v0x13737a0_0, 1;
    %mov 10, 0, 2;
    %cmpi/u 9, 1, 3;
    %mov 9, 4, 1;
    %and 8, 9, 1;
    %jmp/0xz  T_4.2, 8;
    %ix/load 0, 2, 0;
    %assign/v0 v0x13733e0_0, 0, 1;
    %jmp T_4.3;
T_4.2 ;
    %load/v 8, v0x13736b0_0, 1;
    %mov 9, 0, 2;
    %cmpi/u 8, 1, 3;
    %mov 8, 4, 1;
    %load/v 9, v0x13737a0_0, 1;
    %mov 10, 0, 1;
    %cmpi/u 9, 0, 2;
    %mov 9, 4, 1;
    %and 8, 9, 1;
    %jmp/0xz  T_4.4, 8;
    %movi 8, 1, 2;
    %ix/load 0, 2, 0;
    %assign/v0 v0x13733e0_0, 0, 8;
    %jmp T_4.5;
T_4.4 ;
    %load/v 8, v0x13736b0_0, 1;
    %mov 9, 0, 2;
    %cmpi/u 8, 1, 3;
    %mov 8, 4, 1;
    %load/v 9, v0x13737a0_0, 1;
    %mov 10, 0, 2;
    %cmpi/u 9, 1, 3;
    %mov 9, 4, 1;
    %and 8, 9, 1;
    %jmp/0xz  T_4.6, 8;
    %movi 8, 2, 2;
    %ix/load 0, 2, 0;
    %assign/v0 v0x13733e0_0, 0, 8;
    %jmp T_4.7;
T_4.6 ;
    %load/v 8, v0x1373490_0, 2;
    %ix/load 0, 2, 0;
    %assign/v0 v0x13733e0_0, 0, 8;
T_4.7 ;
T_4.5 ;
T_4.3 ;
T_4.1 ;
    %jmp T_4;
    .thread T_4;
    .scope S_0x1340760;
T_5 ;
    %wait E_0x1326470;
    %set/v v0x1373490_0, 0, 2;
    %set/v v0x1373530_0, 0, 1;
    %set/v v0x1340880_0, 0, 1;
    %load/v 8, v0x13732a0_0, 1;
    %load/v 9, v0x1373610_0, 1;
    %inv 9, 1;
    %or 8, 9, 1;
    %jmp/0xz  T_5.0, 8;
    %ix/load 0, 1, 0;
    %assign/v0 v0x1373530_0, 0, 0;
    %jmp T_5.1;
T_5.0 ;
    %load/v 8, v0x13733e0_0, 2;
    %cmpi/u 8, 0, 2;
    %jmp/1 T_5.2, 6;
    %cmpi/u 8, 1, 2;
    %jmp/1 T_5.3, 6;
    %cmpi/u 8, 2, 2;
    %jmp/1 T_5.4, 6;
    %cmpi/u 8, 3, 2;
    %jmp/1 T_5.5, 6;
    %jmp T_5.6;
T_5.2 ;
    %load/v 8, v0x13736b0_0, 1;
    %mov 9, 0, 2;
    %cmpi/u 8, 1, 3;
    %mov 8, 4, 1;
    %load/v 9, v0x13737a0_0, 1;
    %mov 10, 0, 1;
    %cmpi/u 9, 0, 2;
    %mov 9, 4, 1;
    %and 8, 9, 1;
    %jmp/0xz  T_5.7, 8;
    %movi 8, 1, 2;
    %ix/load 0, 2, 0;
    %assign/v0 v0x1373490_0, 0, 8;
    %ix/load 0, 1, 0;
    %assign/v0 v0x1373530_0, 0, 1;
    %jmp T_5.8;
T_5.7 ;
    %load/v 8, v0x13736b0_0, 1;
    %mov 9, 0, 1;
    %cmpi/u 8, 0, 2;
    %mov 8, 4, 1;
    %load/v 9, v0x13737a0_0, 1;
    %mov 10, 0, 2;
    %cmpi/u 9, 1, 3;
    %mov 9, 4, 1;
    %and 8, 9, 1;
    %load/v 9, v0x13736b0_0, 1;
    %mov 10, 0, 2;
    %cmpi/u 9, 1, 3;
    %mov 9, 4, 1;
    %load/v 10, v0x13737a0_0, 1;
    %mov 11, 0, 2;
    %cmpi/u 10, 1, 3;
    %mov 10, 4, 1;
    %and 9, 10, 1;
    %or 8, 9, 1;
    %jmp/0xz  T_5.9, 8;
    %ix/load 0, 2, 0;
    %assign/v0 v0x1373490_0, 0, 0;
    %ix/load 0, 1, 0;
    %assign/v0 v0x1373530_0, 0, 0;
    %ix/load 0, 1, 0;
    %assign/v0 v0x1340880_0, 0, 1;
    %jmp T_5.10;
T_5.9 ;
    %load/v 8, v0x13736b0_0, 1;
    %mov 9, 0, 1;
    %cmpi/u 8, 0, 2;
    %mov 8, 4, 1;
    %load/v 9, v0x13737a0_0, 1;
    %mov 10, 0, 1;
    %cmpi/u 9, 0, 2;
    %mov 9, 4, 1;
    %and 8, 9, 1;
    %jmp/0xz  T_5.11, 8;
    %ix/load 0, 2, 0;
    %assign/v0 v0x1373490_0, 0, 0;
    %ix/load 0, 1, 0;
    %assign/v0 v0x1373530_0, 0, 1;
T_5.11 ;
T_5.10 ;
T_5.8 ;
    %jmp T_5.6;
T_5.3 ;
    %load/v 8, v0x13736b0_0, 1;
    %mov 9, 0, 2;
    %cmpi/u 8, 1, 3;
    %mov 8, 4, 1;
    %load/v 9, v0x13737a0_0, 1;
    %mov 10, 0, 2;
    %cmpi/u 9, 1, 3;
    %mov 9, 4, 1;
    %and 8, 9, 1;
    %jmp/0xz  T_5.13, 8;
    %movi 8, 2, 2;
    %ix/load 0, 2, 0;
    %assign/v0 v0x1373490_0, 0, 8;
    %ix/load 0, 1, 0;
    %assign/v0 v0x1373530_0, 0, 0;
    %jmp T_5.14;
T_5.13 ;
    %load/v 8, v0x13736b0_0, 1;
    %mov 9, 0, 1;
    %cmpi/u 8, 0, 2;
    %mov 8, 4, 1;
    %load/v 9, v0x13737a0_0, 1;
    %mov 10, 0, 1;
    %cmpi/u 9, 0, 2;
    %mov 9, 4, 1;
    %and 8, 9, 1;
    %load/v 9, v0x13736b0_0, 1;
    %mov 10, 0, 1;
    %cmpi/u 9, 0, 2;
    %mov 9, 4, 1;
    %load/v 10, v0x13737a0_0, 1;
    %mov 11, 0, 2;
    %cmpi/u 10, 1, 3;
    %mov 10, 4, 1;
    %and 9, 10, 1;
    %or 8, 9, 1;
    %jmp/0xz  T_5.15, 8;
    %movi 8, 1, 2;
    %ix/load 0, 2, 0;
    %assign/v0 v0x1373490_0, 0, 8;
    %ix/load 0, 1, 0;
    %assign/v0 v0x1373530_0, 0, 0;
    %ix/load 0, 1, 0;
    %assign/v0 v0x1340880_0, 0, 1;
    %jmp T_5.16;
T_5.15 ;
    %load/v 8, v0x13736b0_0, 1;
    %mov 9, 0, 2;
    %cmpi/u 8, 1, 3;
    %mov 8, 4, 1;
    %load/v 9, v0x13737a0_0, 1;
    %mov 10, 0, 1;
    %cmpi/u 9, 0, 2;
    %mov 9, 4, 1;
    %and 8, 9, 1;
    %jmp/0xz  T_5.17, 8;
    %movi 8, 1, 2;
    %ix/load 0, 2, 0;
    %assign/v0 v0x1373490_0, 0, 8;
    %ix/load 0, 1, 0;
    %assign/v0 v0x1373530_0, 0, 1;
T_5.17 ;
T_5.16 ;
T_5.14 ;
    %jmp T_5.6;
T_5.4 ;
    %load/v 8, v0x13736b0_0, 1;
    %mov 9, 0, 2;
    %cmpi/u 8, 1, 3;
    %mov 8, 4, 1;
    %load/v 9, v0x13737a0_0, 1;
    %mov 10, 0, 1;
    %cmpi/u 9, 0, 2;
    %mov 9, 4, 1;
    %and 8, 9, 1;
    %jmp/0xz  T_5.19, 8;
    %ix/load 0, 2, 0;
    %assign/v0 v0x1373490_0, 0, 1;
    %ix/load 0, 1, 0;
    %assign/v0 v0x1373530_0, 0, 0;
    %jmp T_5.20;
T_5.19 ;
    %load/v 8, v0x13736b0_0, 1;
    %mov 9, 0, 1;
    %cmpi/u 8, 0, 2;
    %mov 8, 4, 1;
    %load/v 9, v0x13737a0_0, 1;
    %mov 10, 0, 1;
    %cmpi/u 9, 0, 2;
    %mov 9, 4, 1;
    %and 8, 9, 1;
    %load/v 9, v0x13736b0_0, 1;
    %mov 10, 0, 1;
    %cmpi/u 9, 0, 2;
    %mov 9, 4, 1;
    %load/v 10, v0x13737a0_0, 1;
    %mov 11, 0, 2;
    %cmpi/u 10, 1, 3;
    %mov 10, 4, 1;
    %and 9, 10, 1;
    %or 8, 9, 1;
    %jmp/0xz  T_5.21, 8;
    %movi 8, 2, 2;
    %ix/load 0, 2, 0;
    %assign/v0 v0x1373490_0, 0, 8;
    %ix/load 0, 1, 0;
    %assign/v0 v0x1373530_0, 0, 0;
    %ix/load 0, 1, 0;
    %assign/v0 v0x1340880_0, 0, 1;
    %jmp T_5.22;
T_5.21 ;
    %load/v 8, v0x13736b0_0, 1;
    %mov 9, 0, 2;
    %cmpi/u 8, 1, 3;
    %mov 8, 4, 1;
    %load/v 9, v0x13737a0_0, 1;
    %mov 10, 0, 2;
    %cmpi/u 9, 1, 3;
    %mov 9, 4, 1;
    %and 8, 9, 1;
    %jmp/0xz  T_5.23, 8;
    %movi 8, 2, 2;
    %ix/load 0, 2, 0;
    %assign/v0 v0x1373490_0, 0, 8;
    %ix/load 0, 1, 0;
    %assign/v0 v0x1373530_0, 0, 0;
T_5.23 ;
T_5.22 ;
T_5.20 ;
    %jmp T_5.6;
T_5.5 ;
    %load/v 8, v0x13736b0_0, 1;
    %mov 9, 0, 1;
    %cmpi/u 8, 0, 2;
    %mov 8, 4, 1;
    %load/v 9, v0x13737a0_0, 1;
    %mov 10, 0, 1;
    %cmpi/u 9, 0, 2;
    %mov 9, 4, 1;
    %and 8, 9, 1;
    %jmp/0xz  T_5.25, 8;
    %ix/load 0, 2, 0;
    %assign/v0 v0x1373490_0, 0, 0;
    %ix/load 0, 1, 0;
    %assign/v0 v0x1373530_0, 0, 0;
    %jmp T_5.26;
T_5.25 ;
    %load/v 8, v0x13736b0_0, 1;
    %mov 9, 0, 1;
    %cmpi/u 8, 0, 2;
    %mov 8, 4, 1;
    %load/v 9, v0x13737a0_0, 1;
    %mov 10, 0, 2;
    %cmpi/u 9, 1, 3;
    %mov 9, 4, 1;
    %and 8, 9, 1;
    %load/v 9, v0x13736b0_0, 1;
    %mov 10, 0, 2;
    %cmpi/u 9, 1, 3;
    %mov 9, 4, 1;
    %load/v 10, v0x13737a0_0, 1;
    %mov 11, 0, 2;
    %cmpi/u 10, 1, 3;
    %mov 10, 4, 1;
    %and 9, 10, 1;
    %or 8, 9, 1;
    %jmp/0xz  T_5.27, 8;
    %ix/load 0, 2, 0;
    %assign/v0 v0x1373490_0, 0, 1;
    %ix/load 0, 1, 0;
    %assign/v0 v0x1373530_0, 0, 0;
    %ix/load 0, 1, 0;
    %assign/v0 v0x1340880_0, 0, 1;
    %jmp T_5.28;
T_5.27 ;
    %load/v 8, v0x13736b0_0, 1;
    %mov 9, 0, 2;
    %cmpi/u 8, 1, 3;
    %mov 8, 4, 1;
    %load/v 9, v0x13737a0_0, 1;
    %mov 10, 0, 1;
    %cmpi/u 9, 0, 2;
    %mov 9, 4, 1;
    %and 8, 9, 1;
    %jmp/0xz  T_5.29, 8;
    %ix/load 0, 2, 0;
    %assign/v0 v0x1373490_0, 0, 1;
    %ix/load 0, 1, 0;
    %assign/v0 v0x1373530_0, 0, 0;
T_5.29 ;
T_5.28 ;
T_5.26 ;
    %jmp T_5.6;
T_5.6 ;
T_5.1 ;
    %jmp T_5;
    .thread T_5, $push;
    .scope S_0x1335f50;
T_6 ;
    %vpi_call 2 19 "$dumpfile", "dump.vcd";
    %vpi_call 2 20 "$dumpvars";
    %delay 1000000, 0;
    %vpi_call 2 21 "$finish";
    %end;
    .thread T_6;
    .scope S_0x1335f50;
T_7 ;
    %set/v v0x1374b20_0, 0, 1;
    %set/v v0x1374ba0_0, 0, 1;
    %set/v v0x1374c70_0, 0, 1;
    %set/v v0x1374d40_0, 0, 1;
    %set/v v0x1374900_0, 0, 1;
    %fork TD_controlador_TB.display_outputs, S_0x1374810;
    %join;
    %fork TD_controlador_TB.toggle_clk, S_0x1374720;
    %join;
    %fork TD_controlador_TB.display_outputs, S_0x1374810;
    %join;
    %set/v v0x1374ba0_0, 1, 1;
    %fork TD_controlador_TB.toggle_clk, S_0x1374720;
    %join;
    %fork TD_controlador_TB.display_outputs, S_0x1374810;
    %join;
    %set/v v0x1374ba0_0, 0, 1;
    %set/v v0x1374b20_0, 1, 1;
    %fork TD_controlador_TB.toggle_clk, S_0x1374720;
    %join;
    %fork TD_controlador_TB.display_outputs, S_0x1374810;
    %join;
    %set/v v0x1374ba0_0, 1, 1;
    %fork TD_controlador_TB.toggle_clk, S_0x1374720;
    %join;
    %fork TD_controlador_TB.display_outputs, S_0x1374810;
    %join;
    %set/v v0x1374c70_0, 1, 1;
    %fork TD_controlador_TB.toggle_clk, S_0x1374720;
    %join;
    %fork TD_controlador_TB.display_outputs, S_0x1374810;
    %join;
    %set/v v0x1374c70_0, 0, 1;
    %set/v v0x1374d40_0, 1, 1;
    %fork TD_controlador_TB.toggle_clk, S_0x1374720;
    %join;
    %fork TD_controlador_TB.display_outputs, S_0x1374810;
    %join;
    %set/v v0x1374c70_0, 1, 1;
    %set/v v0x1374d40_0, 1, 1;
    %fork TD_controlador_TB.toggle_clk, S_0x1374720;
    %join;
    %fork TD_controlador_TB.display_outputs, S_0x1374810;
    %join;
    %set/v v0x1374ba0_0, 0, 1;
    %fork TD_controlador_TB.toggle_clk, S_0x1374720;
    %join;
    %fork TD_controlador_TB.display_outputs, S_0x1374810;
    %join;
    %set/v v0x1374d40_0, 0, 1;
    %fork TD_controlador_TB.toggle_clk, S_0x1374720;
    %join;
    %fork TD_controlador_TB.display_outputs, S_0x1374810;
    %join;
    %set/v v0x1374b20_0, 0, 1;
    %fork TD_controlador_TB.toggle_clk, S_0x1374720;
    %join;
    %fork TD_controlador_TB.display_outputs, S_0x1374810;
    %join;
    %set/v v0x1374b20_0, 1, 1;
    %set/v v0x1374ba0_0, 0, 1;
    %set/v v0x1374c70_0, 1, 1;
    %set/v v0x1374d40_0, 0, 1;
    %fork TD_controlador_TB.toggle_clk, S_0x1374720;
    %join;
    %fork TD_controlador_TB.display_outputs, S_0x1374810;
    %join;
    %set/v v0x1374b20_0, 0, 1;
    %set/v v0x1374ba0_0, 1, 1;
    %fork TD_controlador_TB.toggle_clk, S_0x1374720;
    %join;
    %fork TD_controlador_TB.display_outputs, S_0x1374810;
    %join;
    %set/v v0x1374b20_0, 1, 1;
    %set/v v0x1374ba0_0, 0, 1;
    %set/v v0x1374c70_0, 0, 1;
    %set/v v0x1374d40_0, 1, 1;
    %fork TD_controlador_TB.toggle_clk, S_0x1374720;
    %join;
    %fork TD_controlador_TB.display_outputs, S_0x1374810;
    %join;
    %end;
    .thread T_7;
# The file index is used to find the file name in the following table.
:file_names 4;
    "N/A";
    "<interactive>";
    "testbench.sv";
    "design.sv";
