Analysis & Synthesis report for top_pong
Tue Jul  5 20:31:29 2022
Quartus Prime Version 20.1.1 Build 720 11/11/2020 SJ Lite Edition


---------------------
; Table of Contents ;
---------------------
  1. Legal Notice
  2. Analysis & Synthesis Summary
  3. Analysis & Synthesis Settings
  4. Parallel Compilation
  5. Analysis & Synthesis Source Files Read
  6. Analysis & Synthesis Resource Usage Summary
  7. Analysis & Synthesis Resource Utilization by Entity
  8. Registers Removed During Synthesis
  9. General Register Statistics
 10. Multiplexer Restructuring Statistics (Restructuring Performed)
 11. Parameter Settings for User Entity Instance: Top-level Entity: |top_pong
 12. Parameter Settings for User Entity Instance: simple_480p:display_inst
 13. Parameter Settings for User Entity Instance: simple_score:simple_score_inst
 14. Parameter Settings for Inferred Entity Instance: lpm_add_sub:Add13
 15. Port Connectivity Checks: "simple_480p:display_inst"
 16. Post-Synthesis Netlist Statistics for Top Partition
 17. Elapsed Time Per Partition
 18. Analysis & Synthesis Messages



----------------
; Legal Notice ;
----------------
Copyright (C) 2020  Intel Corporation. All rights reserved.
Your use of Intel Corporation's design tools, logic functions 
and other software and tools, and any partner logic 
functions, and any output files from any of the foregoing 
(including device programming or simulation files), and any 
associated documentation or information are expressly subject 
to the terms and conditions of the Intel Program License 
Subscription Agreement, the Intel Quartus Prime License Agreement,
the Intel FPGA IP License Agreement, or other applicable license
agreement, including, without limitation, that your use is for
the sole purpose of programming logic devices manufactured by
Intel and sold by Intel or its authorized distributors.  Please
refer to the applicable agreement for further details, at
https://fpgasoftware.intel.com/eula.



+----------------------------------------------------------------------------------+
; Analysis & Synthesis Summary                                                     ;
+------------------------------------+---------------------------------------------+
; Analysis & Synthesis Status        ; Successful - Tue Jul  5 20:31:29 2022       ;
; Quartus Prime Version              ; 20.1.1 Build 720 11/11/2020 SJ Lite Edition ;
; Revision Name                      ; top_pong                                    ;
; Top-level Entity Name              ; top_pong                                    ;
; Family                             ; Cyclone IV E                                ;
; Total logic elements               ; 672                                         ;
;     Total combinational functions  ; 631                                         ;
;     Dedicated logic registers      ; 145                                         ;
; Total registers                    ; 145                                         ;
; Total pins                         ; 50                                          ;
; Total virtual pins                 ; 0                                           ;
; Total memory bits                  ; 0                                           ;
; Embedded Multiplier 9-bit elements ; 0                                           ;
; Total PLLs                         ; 0                                           ;
+------------------------------------+---------------------------------------------+


+------------------------------------------------------------------------------------------------------------+
; Analysis & Synthesis Settings                                                                              ;
+------------------------------------------------------------------+--------------------+--------------------+
; Option                                                           ; Setting            ; Default Value      ;
+------------------------------------------------------------------+--------------------+--------------------+
; Top-level entity name                                            ; top_pong           ; top_pong           ;
; Family name                                                      ; Cyclone IV E       ; Cyclone V          ;
; Use smart compilation                                            ; Off                ; Off                ;
; Enable parallel Assembler and Timing Analyzer during compilation ; On                 ; On                 ;
; Enable compact report table                                      ; Off                ; Off                ;
; Restructure Multiplexers                                         ; Auto               ; Auto               ;
; Create Debugging Nodes for IP Cores                              ; Off                ; Off                ;
; Preserve fewer node names                                        ; On                 ; On                 ;
; Intel FPGA IP Evaluation Mode                                    ; Enable             ; Enable             ;
; Verilog Version                                                  ; Verilog_2001       ; Verilog_2001       ;
; VHDL Version                                                     ; VHDL_1993          ; VHDL_1993          ;
; State Machine Processing                                         ; Auto               ; Auto               ;
; Safe State Machine                                               ; Off                ; Off                ;
; Extract Verilog State Machines                                   ; On                 ; On                 ;
; Extract VHDL State Machines                                      ; On                 ; On                 ;
; Ignore Verilog initial constructs                                ; Off                ; Off                ;
; Iteration limit for constant Verilog loops                       ; 5000               ; 5000               ;
; Iteration limit for non-constant Verilog loops                   ; 250                ; 250                ;
; Add Pass-Through Logic to Inferred RAMs                          ; On                 ; On                 ;
; Infer RAMs from Raw Logic                                        ; On                 ; On                 ;
; Parallel Synthesis                                               ; On                 ; On                 ;
; DSP Block Balancing                                              ; Auto               ; Auto               ;
; NOT Gate Push-Back                                               ; On                 ; On                 ;
; Power-Up Don't Care                                              ; On                 ; On                 ;
; Remove Redundant Logic Cells                                     ; Off                ; Off                ;
; Remove Duplicate Registers                                       ; On                 ; On                 ;
; Ignore CARRY Buffers                                             ; Off                ; Off                ;
; Ignore CASCADE Buffers                                           ; Off                ; Off                ;
; Ignore GLOBAL Buffers                                            ; Off                ; Off                ;
; Ignore ROW GLOBAL Buffers                                        ; Off                ; Off                ;
; Ignore LCELL Buffers                                             ; Off                ; Off                ;
; Ignore SOFT Buffers                                              ; On                 ; On                 ;
; Limit AHDL Integers to 32 Bits                                   ; Off                ; Off                ;
; Optimization Technique                                           ; Balanced           ; Balanced           ;
; Carry Chain Length                                               ; 70                 ; 70                 ;
; Auto Carry Chains                                                ; On                 ; On                 ;
; Auto Open-Drain Pins                                             ; On                 ; On                 ;
; Perform WYSIWYG Primitive Resynthesis                            ; Off                ; Off                ;
; Auto ROM Replacement                                             ; On                 ; On                 ;
; Auto RAM Replacement                                             ; On                 ; On                 ;
; Auto DSP Block Replacement                                       ; On                 ; On                 ;
; Auto Shift Register Replacement                                  ; Auto               ; Auto               ;
; Allow Shift Register Merging across Hierarchies                  ; Auto               ; Auto               ;
; Auto Clock Enable Replacement                                    ; On                 ; On                 ;
; Strict RAM Replacement                                           ; Off                ; Off                ;
; Allow Synchronous Control Signals                                ; On                 ; On                 ;
; Force Use of Synchronous Clear Signals                           ; Off                ; Off                ;
; Auto RAM Block Balancing                                         ; On                 ; On                 ;
; Auto RAM to Logic Cell Conversion                                ; Off                ; Off                ;
; Auto Resource Sharing                                            ; Off                ; Off                ;
; Allow Any RAM Size For Recognition                               ; Off                ; Off                ;
; Allow Any ROM Size For Recognition                               ; Off                ; Off                ;
; Allow Any Shift Register Size For Recognition                    ; Off                ; Off                ;
; Use LogicLock Constraints during Resource Balancing              ; On                 ; On                 ;
; Ignore translate_off and synthesis_off directives                ; Off                ; Off                ;
; Timing-Driven Synthesis                                          ; On                 ; On                 ;
; Report Parameter Settings                                        ; On                 ; On                 ;
; Report Source Assignments                                        ; On                 ; On                 ;
; Report Connectivity Checks                                       ; On                 ; On                 ;
; Ignore Maximum Fan-Out Assignments                               ; Off                ; Off                ;
; Synchronization Register Chain Length                            ; 2                  ; 2                  ;
; Power Optimization During Synthesis                              ; Normal compilation ; Normal compilation ;
; HDL message level                                                ; Level2             ; Level2             ;
; Suppress Register Optimization Related Messages                  ; Off                ; Off                ;
; Number of Removed Registers Reported in Synthesis Report         ; 5000               ; 5000               ;
; Number of Swept Nodes Reported in Synthesis Report               ; 5000               ; 5000               ;
; Number of Inverted Registers Reported in Synthesis Report        ; 100                ; 100                ;
; Clock MUX Protection                                             ; On                 ; On                 ;
; Auto Gated Clock Conversion                                      ; Off                ; Off                ;
; Block Design Naming                                              ; Auto               ; Auto               ;
; SDC constraint protection                                        ; Off                ; Off                ;
; Synthesis Effort                                                 ; Auto               ; Auto               ;
; Shift Register Replacement - Allow Asynchronous Clear Signal     ; On                 ; On                 ;
; Pre-Mapping Resynthesis Optimization                             ; Off                ; Off                ;
; Analysis & Synthesis Message Level                               ; Medium             ; Medium             ;
; Disable Register Merging Across Hierarchies                      ; Auto               ; Auto               ;
; Resource Aware Inference For Block RAM                           ; On                 ; On                 ;
+------------------------------------------------------------------+--------------------+--------------------+


+------------------------------------------+
; Parallel Compilation                     ;
+----------------------------+-------------+
; Processors                 ; Number      ;
+----------------------------+-------------+
; Number detected on machine ; 8           ;
; Maximum allowed            ; 8           ;
;                            ;             ;
; Average used               ; 1.00        ;
; Maximum used               ; 8           ;
;                            ;             ;
; Usage by Processor         ; % Time Used ;
;     Processor 1            ; 100.0%      ;
;     Processor 2            ;   0.0%      ;
;     Processor 3            ;   0.0%      ;
;     Processor 4            ;   0.0%      ;
;     Processor 5            ;   0.0%      ;
;     Processor 6            ;   0.0%      ;
;     Processor 7            ;   0.0%      ;
;     Processor 8            ;   0.0%      ;
+----------------------------+-------------+


+-----------------------------------------------------------------------------------------------------------------------------------------------------------------------------------------+
; Analysis & Synthesis Source Files Read                                                                                                                                                  ;
+----------------------------------+-----------------+------------------------------+-------------------------------------------------------------------------------------------+---------+
; File Name with User-Entered Path ; Used in Netlist ; File Type                    ; File Name with Absolute Path                                                              ; Library ;
+----------------------------------+-----------------+------------------------------+-------------------------------------------------------------------------------------------+---------+
; top_pong.sv                      ; yes             ; User SystemVerilog HDL File  ; /home/gabriel/Desktop/quartus-pong/top_pong.sv                                            ;         ;
; simple_score.sv                  ; yes             ; User SystemVerilog HDL File  ; /home/gabriel/Desktop/quartus-pong/simple_score.sv                                        ;         ;
; simple_480p.sv                   ; yes             ; User SystemVerilog HDL File  ; /home/gabriel/Desktop/quartus-pong/simple_480p.sv                                         ;         ;
; lpm_add_sub.tdf                  ; yes             ; Megafunction                 ; /home/gabriel/intelFPGA_lite/20.1/quartus/libraries/megafunctions/lpm_add_sub.tdf         ;         ;
; addcore.inc                      ; yes             ; Megafunction                 ; /home/gabriel/intelFPGA_lite/20.1/quartus/libraries/megafunctions/addcore.inc             ;         ;
; look_add.inc                     ; yes             ; Megafunction                 ; /home/gabriel/intelFPGA_lite/20.1/quartus/libraries/megafunctions/look_add.inc            ;         ;
; bypassff.inc                     ; yes             ; Megafunction                 ; /home/gabriel/intelFPGA_lite/20.1/quartus/libraries/megafunctions/bypassff.inc            ;         ;
; altshift.inc                     ; yes             ; Megafunction                 ; /home/gabriel/intelFPGA_lite/20.1/quartus/libraries/megafunctions/altshift.inc            ;         ;
; alt_stratix_add_sub.inc          ; yes             ; Megafunction                 ; /home/gabriel/intelFPGA_lite/20.1/quartus/libraries/megafunctions/alt_stratix_add_sub.inc ;         ;
; aglobal201.inc                   ; yes             ; Megafunction                 ; /home/gabriel/intelFPGA_lite/20.1/quartus/libraries/megafunctions/aglobal201.inc          ;         ;
; db/add_sub_lvi.tdf               ; yes             ; Auto-Generated Megafunction  ; /home/gabriel/Desktop/quartus-pong/db/add_sub_lvi.tdf                                     ;         ;
+----------------------------------+-----------------+------------------------------+-------------------------------------------------------------------------------------------+---------+


+-------------------------------------------------------------+
; Analysis & Synthesis Resource Usage Summary                 ;
+---------------------------------------------+---------------+
; Resource                                    ; Usage         ;
+---------------------------------------------+---------------+
; Estimated Total logic elements              ; 672           ;
;                                             ;               ;
; Total combinational functions               ; 631           ;
; Logic element usage by number of LUT inputs ;               ;
;     -- 4 input functions                    ; 196           ;
;     -- 3 input functions                    ; 255           ;
;     -- <=2 input functions                  ; 180           ;
;                                             ;               ;
; Logic elements by mode                      ;               ;
;     -- normal mode                          ; 336           ;
;     -- arithmetic mode                      ; 295           ;
;                                             ;               ;
; Total registers                             ; 145           ;
;     -- Dedicated logic registers            ; 145           ;
;     -- I/O registers                        ; 0             ;
;                                             ;               ;
; I/O pins                                    ; 50            ;
;                                             ;               ;
; Embedded Multiplier 9-bit elements          ; 0             ;
;                                             ;               ;
; Maximum fan-out node                        ; clk_pix~input ;
; Maximum fan-out                             ; 145           ;
; Total fan-out                               ; 2336          ;
; Average fan-out                             ; 2.67          ;
+---------------------------------------------+---------------+


+-------------------------------------------------------------------------------------------------------------------------------------------------------------------------------------------------------------------------------------------------------+
; Analysis & Synthesis Resource Utilization by Entity                                                                                                                                                                                                   ;
+-------------------------------------+---------------------+---------------------------+-------------+--------------+---------+-----------+------+--------------+--------------------------------------------------------+--------------+--------------+
; Compilation Hierarchy Node          ; Combinational ALUTs ; Dedicated Logic Registers ; Memory Bits ; DSP Elements ; DSP 9x9 ; DSP 18x18 ; Pins ; Virtual Pins ; Full Hierarchy Name                                    ; Entity Name  ; Library Name ;
+-------------------------------------+---------------------+---------------------------+-------------+--------------+---------+-----------+------+--------------+--------------------------------------------------------+--------------+--------------+
; |top_pong                           ; 631 (516)           ; 145 (124)                 ; 0           ; 0            ; 0       ; 0         ; 50   ; 0            ; |top_pong                                              ; top_pong     ; work         ;
;    |lpm_add_sub:Add13|              ; 21 (0)              ; 0 (0)                     ; 0           ; 0            ; 0       ; 0         ; 0    ; 0            ; |top_pong|lpm_add_sub:Add13                            ; lpm_add_sub  ; work         ;
;       |add_sub_lvi:auto_generated|  ; 21 (21)             ; 0 (0)                     ; 0           ; 0            ; 0       ; 0         ; 0    ; 0            ; |top_pong|lpm_add_sub:Add13|add_sub_lvi:auto_generated ; add_sub_lvi  ; work         ;
;    |simple_480p:display_inst|       ; 27 (27)             ; 20 (20)                   ; 0           ; 0            ; 0       ; 0         ; 0    ; 0            ; |top_pong|simple_480p:display_inst                     ; simple_480p  ; work         ;
;    |simple_score:simple_score_inst| ; 67 (67)             ; 1 (1)                     ; 0           ; 0            ; 0       ; 0         ; 0    ; 0            ; |top_pong|simple_score:simple_score_inst               ; simple_score ; work         ;
+-------------------------------------+---------------------+---------------------------+-------------+--------------+---------+-----------+------+--------------+--------------------------------------------------------+--------------+--------------+
Note: For table entries with two numbers listed, the numbers in parentheses indicate the number of resources of the given type used by the specific entity alone. The numbers listed outside of parentheses indicate the total resources of the given type used by the specific entity and all of its sub-entities in the hierarchy.


+---------------------------------------------------------------------------------+
; Registers Removed During Synthesis                                              ;
+----------------------------------------+----------------------------------------+
; Register name                          ; Reason for Removal                     ;
+----------------------------------------+----------------------------------------+
; state[2..31]                           ; Stuck at GND due to stuck port data_in ;
; Total Number of Removed Registers = 30 ;                                        ;
+----------------------------------------+----------------------------------------+


+------------------------------------------------------+
; General Register Statistics                          ;
+----------------------------------------------+-------+
; Statistic                                    ; Value ;
+----------------------------------------------+-------+
; Total registers                              ; 145   ;
; Number of registers using Synchronous Clear  ; 20    ;
; Number of registers using Synchronous Load   ; 0     ;
; Number of registers using Asynchronous Clear ; 0     ;
; Number of registers using Asynchronous Load  ; 0     ;
; Number of registers using Clock Enable       ; 43    ;
; Number of registers using Preset             ; 0     ;
+----------------------------------------------+-------+


+--------------------------------------------------------------------------------------------------------------------------------------------------------------------+
; Multiplexer Restructuring Statistics (Restructuring Performed)                                                                                                     ;
+--------------------+-----------+---------------+----------------------+------------------------+------------+------------------------------------------------------+
; Multiplexer Inputs ; Bus Width ; Baseline Area ; Area if Restructured ; Saving if Restructured ; Registered ; Example Multiplexer Output                           ;
+--------------------+-----------+---------------+----------------------+------------------------+------------+------------------------------------------------------+
; 3:1                ; 10 bits   ; 20 LEs        ; 10 LEs               ; 10 LEs                 ; Yes        ; |top_pong|simple_480p:display_inst|sx[6]             ;
; 4:1                ; 10 bits   ; 20 LEs        ; 10 LEs               ; 10 LEs                 ; Yes        ; |top_pong|simple_480p:display_inst|sy[4]             ;
; 4:1                ; 2 bits    ; 4 LEs         ; 2 LEs                ; 2 LEs                  ; Yes        ; |top_pong|bolaVelX[3]                                ;
; 4:1                ; 2 bits    ; 4 LEs         ; 2 LEs                ; 2 LEs                  ; Yes        ; |top_pong|bolaVelY[0]                                ;
; 5:1                ; 5 bits    ; 15 LEs        ; 10 LEs               ; 5 LEs                  ; Yes        ; |top_pong|bolaY[5]                                   ;
; 7:1                ; 10 bits   ; 40 LEs        ; 30 LEs               ; 10 LEs                 ; Yes        ; |top_pong|playY[9]                                   ;
; 7:1                ; 10 bits   ; 40 LEs        ; 30 LEs               ; 10 LEs                 ; Yes        ; |top_pong|compY[7]                                   ;
; 7:1                ; 4 bits    ; 16 LEs        ; 12 LEs               ; 4 LEs                  ; Yes        ; |top_pong|bolaX[5]                                   ;
; 3:1                ; 5 bits    ; 10 LEs        ; 10 LEs               ; 0 LEs                  ; No         ; |top_pong|bolaY                                      ;
; 3:1                ; 4 bits    ; 8 LEs         ; 8 LEs                ; 0 LEs                  ; No         ; |top_pong|simple_score:simple_score_inst|pix_addr[2] ;
; 4:1                ; 4 bits    ; 8 LEs         ; 8 LEs                ; 0 LEs                  ; No         ; |top_pong|contadorRebatidas                          ;
; 5:1                ; 6 bits    ; 18 LEs        ; 18 LEs               ; 0 LEs                  ; No         ; |top_pong|bolaX                                      ;
+--------------------+-----------+---------------+----------------------+------------------------+------------+------------------------------------------------------+


+--------------------------------------------------------------------------+
; Parameter Settings for User Entity Instance: Top-level Entity: |top_pong ;
+----------------+-------+-------------------------------------------------+
; Parameter Name ; Value ; Type                                            ;
+----------------+-------+-------------------------------------------------+
; WIN            ; 5     ; Signed Integer                                  ;
; SPEEDUP        ; 5     ; Signed Integer                                  ;
; B_SIZE         ; 20    ; Signed Integer                                  ;
; B_VELX         ; 9     ; Signed Integer                                  ;
; B_VELY         ; 5     ; Signed Integer                                  ;
; P_ALT          ; 48    ; Signed Integer                                  ;
; P_LARG         ; 10    ; Signed Integer                                  ;
; P_OFF          ; 35    ; Signed Integer                                  ;
; P_VEL          ; 7     ; Signed Integer                                  ;
; H_RES          ; 640   ; Signed Integer                                  ;
; V_RES          ; 480   ; Signed Integer                                  ;
+----------------+-------+-------------------------------------------------+
Note: In order to hide this table in the UI and the text report file, please set the "Show Parameter Settings in Synthesis Report" option in "Analysis and Synthesis Settings -> More Settings" to "Off".


+-----------------------------------------------------------------------+
; Parameter Settings for User Entity Instance: simple_480p:display_inst ;
+----------------+-------+----------------------------------------------+
; Parameter Name ; Value ; Type                                         ;
+----------------+-------+----------------------------------------------+
; HA_END         ; 639   ; Signed Integer                               ;
; HS_STA         ; 655   ; Signed Integer                               ;
; HS_END         ; 751   ; Signed Integer                               ;
; LINE           ; 799   ; Signed Integer                               ;
; VA_END         ; 479   ; Signed Integer                               ;
; VS_STA         ; 489   ; Signed Integer                               ;
; VS_END         ; 491   ; Signed Integer                               ;
; SCREEN         ; 524   ; Signed Integer                               ;
+----------------+-------+----------------------------------------------+
Note: In order to hide this table in the UI and the text report file, please set the "Show Parameter Settings in Synthesis Report" option in "Analysis and Synthesis Settings -> More Settings" to "Off".


+-----------------------------------------------------------------------------+
; Parameter Settings for User Entity Instance: simple_score:simple_score_inst ;
+----------------+-------+----------------------------------------------------+
; Parameter Name ; Value ; Type                                               ;
+----------------+-------+----------------------------------------------------+
; CORDW          ; 10    ; Signed Integer                                     ;
; H_RES          ; 640   ; Signed Integer                                     ;
+----------------+-------+----------------------------------------------------+
Note: In order to hide this table in the UI and the text report file, please set the "Show Parameter Settings in Synthesis Report" option in "Analysis and Synthesis Settings -> More Settings" to "Off".


+--------------------------------------------------------------------+
; Parameter Settings for Inferred Entity Instance: lpm_add_sub:Add13 ;
+------------------------+--------------+----------------------------+
; Parameter Name         ; Value        ; Type                       ;
+------------------------+--------------+----------------------------+
; LPM_WIDTH              ; 10           ; Untyped                    ;
; LPM_REPRESENTATION     ; UNSIGNED     ; Untyped                    ;
; LPM_DIRECTION          ; DEFAULT      ; Untyped                    ;
; ONE_INPUT_IS_CONSTANT  ; NO           ; Untyped                    ;
; LPM_PIPELINE           ; 0            ; Untyped                    ;
; MAXIMIZE_SPEED         ; 5            ; Untyped                    ;
; REGISTERED_AT_END      ; 0            ; Untyped                    ;
; OPTIMIZE_FOR_SPEED     ; 5            ; Untyped                    ;
; USE_CS_BUFFERS         ; 1            ; Untyped                    ;
; CARRY_CHAIN            ; MANUAL       ; Untyped                    ;
; CARRY_CHAIN_LENGTH     ; 48           ; CARRY_CHAIN_LENGTH         ;
; DEVICE_FAMILY          ; Cyclone IV E ; Untyped                    ;
; USE_WYS                ; OFF          ; Untyped                    ;
; STYLE                  ; FAST         ; Untyped                    ;
; CBXI_PARAMETER         ; add_sub_lvi  ; Untyped                    ;
; AUTO_CARRY_CHAINS      ; ON           ; AUTO_CARRY                 ;
; IGNORE_CARRY_BUFFERS   ; OFF          ; IGNORE_CARRY               ;
; AUTO_CASCADE_CHAINS    ; ON           ; AUTO_CASCADE               ;
; IGNORE_CASCADE_BUFFERS ; OFF          ; IGNORE_CASCADE             ;
+------------------------+--------------+----------------------------+
Note: In order to hide this table in the UI and the text report file, please set the "Show Parameter Settings in Synthesis Report" option in "Analysis and Synthesis Settings -> More Settings" to "Off".


+------------------------------------------------------+
; Port Connectivity Checks: "simple_480p:display_inst" ;
+-------+--------+----------+--------------------------+
; Port  ; Type   ; Severity ; Details                  ;
+-------+--------+----------+--------------------------+
; hsync ; Output ; Info     ; Explicitly unconnected   ;
; vsync ; Output ; Info     ; Explicitly unconnected   ;
+-------+--------+----------+--------------------------+


+-----------------------------------------------------+
; Post-Synthesis Netlist Statistics for Top Partition ;
+-----------------------+-----------------------------+
; Type                  ; Count                       ;
+-----------------------+-----------------------------+
; boundary_port         ; 50                          ;
; cycloneiii_ff         ; 145                         ;
;     ENA               ; 33                          ;
;     ENA SCLR          ; 10                          ;
;     SCLR              ; 10                          ;
;     plain             ; 92                          ;
; cycloneiii_lcell_comb ; 631                         ;
;     arith             ; 295                         ;
;         2 data inputs ; 117                         ;
;         3 data inputs ; 178                         ;
;     normal            ; 336                         ;
;         0 data inputs ; 5                           ;
;         1 data inputs ; 11                          ;
;         2 data inputs ; 47                          ;
;         3 data inputs ; 77                          ;
;         4 data inputs ; 196                         ;
;                       ;                             ;
; Max LUT depth         ; 8.40                        ;
; Average LUT depth     ; 5.20                        ;
+-----------------------+-----------------------------+


+-------------------------------+
; Elapsed Time Per Partition    ;
+----------------+--------------+
; Partition Name ; Elapsed Time ;
+----------------+--------------+
; Top            ; 00:00:02     ;
+----------------+--------------+


+-------------------------------+
; Analysis & Synthesis Messages ;
+-------------------------------+
Info: *******************************************************************
Info: Running Quartus Prime Analysis & Synthesis
    Info: Version 20.1.1 Build 720 11/11/2020 SJ Lite Edition
    Info: Processing started: Tue Jul  5 20:31:15 2022
Info: Command: quartus_map --read_settings_files=on --write_settings_files=off top_pong -c top_pong
Warning (18236): Number of processors has not been specified which may cause overloading on shared machines.  Set the global assignment NUM_PARALLEL_PROCESSORS in your QSF to an appropriate value for best performance.
Info (20030): Parallel compilation is enabled and will use 8 of the 8 processors detected
Info (12021): Found 1 design units, including 1 entities, in source file top_pong.sv
    Info (12023): Found entity 1: top_pong File: /home/gabriel/Desktop/quartus-pong/top_pong.sv Line: 4
Info (12021): Found 1 design units, including 1 entities, in source file simple_score.sv
    Info (12023): Found entity 1: simple_score File: /home/gabriel/Desktop/quartus-pong/simple_score.sv Line: 4
Info (12021): Found 1 design units, including 1 entities, in source file simple_480p.sv
    Info (12023): Found entity 1: simple_480p File: /home/gabriel/Desktop/quartus-pong/simple_480p.sv Line: 4
Info (12127): Elaborating entity "top_pong" for the top level hierarchy
Warning (10230): Verilog HDL assignment warning at top_pong.sv(109): truncated value with size 32 to match size of target (10) File: /home/gabriel/Desktop/quartus-pong/top_pong.sv Line: 109
Warning (10230): Verilog HDL assignment warning at top_pong.sv(113): truncated value with size 32 to match size of target (10) File: /home/gabriel/Desktop/quartus-pong/top_pong.sv Line: 113
Warning (10230): Verilog HDL assignment warning at top_pong.sv(115): truncated value with size 32 to match size of target (10) File: /home/gabriel/Desktop/quartus-pong/top_pong.sv Line: 115
Warning (10230): Verilog HDL assignment warning at top_pong.sv(121): truncated value with size 32 to match size of target (10) File: /home/gabriel/Desktop/quartus-pong/top_pong.sv Line: 121
Warning (10230): Verilog HDL assignment warning at top_pong.sv(129): truncated value with size 32 to match size of target (10) File: /home/gabriel/Desktop/quartus-pong/top_pong.sv Line: 129
Warning (10230): Verilog HDL assignment warning at top_pong.sv(133): truncated value with size 32 to match size of target (10) File: /home/gabriel/Desktop/quartus-pong/top_pong.sv Line: 133
Warning (10230): Verilog HDL assignment warning at top_pong.sv(136): truncated value with size 32 to match size of target (10) File: /home/gabriel/Desktop/quartus-pong/top_pong.sv Line: 136
Warning (10230): Verilog HDL assignment warning at top_pong.sv(142): truncated value with size 32 to match size of target (10) File: /home/gabriel/Desktop/quartus-pong/top_pong.sv Line: 142
Warning (10230): Verilog HDL assignment warning at top_pong.sv(158): truncated value with size 32 to match size of target (10) File: /home/gabriel/Desktop/quartus-pong/top_pong.sv Line: 158
Warning (10230): Verilog HDL assignment warning at top_pong.sv(159): truncated value with size 32 to match size of target (10) File: /home/gabriel/Desktop/quartus-pong/top_pong.sv Line: 159
Warning (10230): Verilog HDL assignment warning at top_pong.sv(163): truncated value with size 32 to match size of target (10) File: /home/gabriel/Desktop/quartus-pong/top_pong.sv Line: 163
Warning (10230): Verilog HDL assignment warning at top_pong.sv(164): truncated value with size 32 to match size of target (10) File: /home/gabriel/Desktop/quartus-pong/top_pong.sv Line: 164
Warning (10230): Verilog HDL assignment warning at top_pong.sv(173): truncated value with size 32 to match size of target (10) File: /home/gabriel/Desktop/quartus-pong/top_pong.sv Line: 173
Warning (10230): Verilog HDL assignment warning at top_pong.sv(174): truncated value with size 32 to match size of target (4) File: /home/gabriel/Desktop/quartus-pong/top_pong.sv Line: 174
Warning (10230): Verilog HDL assignment warning at top_pong.sv(180): truncated value with size 32 to match size of target (4) File: /home/gabriel/Desktop/quartus-pong/top_pong.sv Line: 180
Warning (10230): Verilog HDL assignment warning at top_pong.sv(195): truncated value with size 32 to match size of target (4) File: /home/gabriel/Desktop/quartus-pong/top_pong.sv Line: 195
Warning (10230): Verilog HDL assignment warning at top_pong.sv(197): truncated value with size 32 to match size of target (10) File: /home/gabriel/Desktop/quartus-pong/top_pong.sv Line: 197
Warning (10230): Verilog HDL assignment warning at top_pong.sv(198): truncated value with size 32 to match size of target (10) File: /home/gabriel/Desktop/quartus-pong/top_pong.sv Line: 198
Info (12128): Elaborating entity "simple_480p" for hierarchy "simple_480p:display_inst" File: /home/gabriel/Desktop/quartus-pong/top_pong.sv Line: 44
Warning (10230): Verilog HDL assignment warning at simple_480p.sv(36): truncated value with size 32 to match size of target (10) File: /home/gabriel/Desktop/quartus-pong/simple_480p.sv Line: 36
Warning (10230): Verilog HDL assignment warning at simple_480p.sv(38): truncated value with size 32 to match size of target (10) File: /home/gabriel/Desktop/quartus-pong/simple_480p.sv Line: 38
Info (12128): Elaborating entity "simple_score" for hierarchy "simple_score:simple_score_inst" File: /home/gabriel/Desktop/quartus-pong/top_pong.sv Line: 231
Warning (10230): Verilog HDL assignment warning at simple_score.sv(36): truncated value with size 32 to match size of target (4) File: /home/gabriel/Desktop/quartus-pong/simple_score.sv Line: 36
Warning (10230): Verilog HDL assignment warning at simple_score.sv(37): truncated value with size 32 to match size of target (4) File: /home/gabriel/Desktop/quartus-pong/simple_score.sv Line: 37
Warning (10230): Verilog HDL assignment warning at simple_score.sv(51): truncated value with size 32 to match size of target (4) File: /home/gabriel/Desktop/quartus-pong/simple_score.sv Line: 51
Warning (10230): Verilog HDL assignment warning at simple_score.sv(52): truncated value with size 32 to match size of target (4) File: /home/gabriel/Desktop/quartus-pong/simple_score.sv Line: 52
Warning (10030): Net "chars.waddr_a" at simple_score.sv(18) has no driver or initial value, using a default initial value '0' File: /home/gabriel/Desktop/quartus-pong/simple_score.sv Line: 18
Warning (10030): Net "chars.data_a" at simple_score.sv(18) has no driver or initial value, using a default initial value '0' File: /home/gabriel/Desktop/quartus-pong/simple_score.sv Line: 18
Warning (10030): Net "chars.we_a" at simple_score.sv(18) has no driver or initial value, using a default initial value '0' File: /home/gabriel/Desktop/quartus-pong/simple_score.sv Line: 18
Info (276014): Found 1 instances of uninferred RAM logic
    Info (276004): RAM logic "simple_score:simple_score_inst|chars" is uninferred due to inappropriate RAM size File: /home/gabriel/Desktop/quartus-pong/simple_score.sv Line: 18
Warning (113018): Width of data items in "top_pong.ram0_simple_score_7c7cd03a.hdl.mif" is greater than the memory width. Truncating data items to fit in memory. File: /home/gabriel/Desktop/quartus-pong/db/top_pong.ram0_simple_score_7c7cd03a.hdl.mif Line: 10
Critical Warning (127005): Memory depth (256) in the design file differs from memory depth (10) in the Memory Initialization File "/home/gabriel/Desktop/quartus-pong/db/top_pong.ram0_simple_score_7c7cd03a.hdl.mif" -- setting initial value for remaining addresses to 0
Info (278001): Inferred 1 megafunctions from design logic
    Info (278002): Inferred adder/subtractor megafunction ("lpm_add_sub") from the following logic: "Add13" File: /home/gabriel/Desktop/quartus-pong/top_pong.sv Line: 188
Info (12130): Elaborated megafunction instantiation "lpm_add_sub:Add13" File: /home/gabriel/Desktop/quartus-pong/top_pong.sv Line: 188
Info (12133): Instantiated megafunction "lpm_add_sub:Add13" with the following parameter: File: /home/gabriel/Desktop/quartus-pong/top_pong.sv Line: 188
    Info (12134): Parameter "LPM_WIDTH" = "10"
    Info (12134): Parameter "LPM_DIRECTION" = "DEFAULT"
    Info (12134): Parameter "LPM_REPRESENTATION" = "UNSIGNED"
    Info (12134): Parameter "ONE_INPUT_IS_CONSTANT" = "NO"
Info (12021): Found 1 design units, including 1 entities, in source file db/add_sub_lvi.tdf
    Info (12023): Found entity 1: add_sub_lvi File: /home/gabriel/Desktop/quartus-pong/db/add_sub_lvi.tdf Line: 23
Info (286030): Timing-Driven Synthesis is running
Info (16010): Generating hard_block partition "hard_block:auto_generated_inst"
    Info (16011): Adding 0 node(s), including 0 DDIO, 0 PLL, 0 transceiver and 0 LCELL
Info (21057): Implemented 725 device resources after synthesis - the final resource count might be different
    Info (21058): Implemented 5 input pins
    Info (21059): Implemented 45 output pins
    Info (21061): Implemented 675 logic cells
Info: Quartus Prime Analysis & Synthesis was successful. 0 errors, 30 warnings
    Info: Peak virtual memory: 447 megabytes
    Info: Processing ended: Tue Jul  5 20:31:29 2022
    Info: Elapsed time: 00:00:14
    Info: Total CPU time (on all processors): 00:00:35


